[2025-08-05 15:06:12,256] INFO drf_case.middleware - ğŸ“¡ GET /health/ from 127.0.0.1 took 0.29s
[2025-08-05 15:06:22,703] INFO drf_case.middleware - ğŸ“¡ GET /health/ from 172.18.0.7 took 0.27s
[2025-08-05 15:06:34,870] INFO drf_case.middleware - ğŸ“¡ POST /api/token/ from 127.0.0.1 took 0.27s
[2025-08-05 15:06:34,880] WARNING django.request - Unauthorized: /api/token/
[2025-08-05 15:06:35,425] INFO drf_case.middleware - ğŸ“¡ POST /api/token/ from 127.0.0.1 took 0.27s
[2025-08-05 15:06:35,958] INFO drf_case.middleware - ğŸ“¡ POST /api/token/ from 127.0.0.1 took 0.27s
[2025-08-05 15:06:35,961] INFO drf_case.middleware - ğŸ“¡ POST /api/token/refresh/ from 127.0.0.1 took 0.00s
[2025-08-05 15:06:36,550] INFO drf_case.middleware - ğŸ“¡ POST /api/users/register/ from 127.0.0.1 took 0.32s
[2025-08-05 15:06:36,835] INFO drf_case.middleware - ğŸ“¡ POST /api/users/register/ from 127.0.0.1 took 0.28s
[2025-08-05 15:06:37,114] INFO drf_case.middleware - ğŸ“¡ POST /api/users/register/ from 127.0.0.1 took 0.28s
[2025-08-05 15:06:37,392] INFO drf_case.middleware - ğŸ“¡ POST /api/users/register/ from 127.0.0.1 took 0.28s
[2025-08-05 15:06:43,086] INFO drf_case.middleware - ğŸ“¡ GET /health/ from 127.0.0.1 took 0.29s
[2025-08-05 15:06:44,443] INFO drf_case.middleware - ğŸ“¡ POST /api/token/ from 127.0.0.1 took 0.27s
[2025-08-05 15:06:44,448] INFO flights.views - Yeni uÃ§uÅŸ oluÅŸturuldu: TK9999 - Ä°zmir â†’ Madrid
[2025-08-05 15:06:44,451] INFO drf_case.middleware - ğŸ“¡ POST /api/flights/ from 127.0.0.1 took 0.01s
[2025-08-05 15:06:45,519] INFO drf_case.middleware - ğŸ“¡ POST /api/token/ from 127.0.0.1 took 0.26s
[2025-08-05 15:06:45,525] INFO flights.views - Yeni uÃ§uÅŸ oluÅŸturuldu: TK8888 - Antalya â†’ Rome
[2025-08-05 15:06:45,526] INFO drf_case.middleware - ğŸ“¡ POST /api/flights/ from 127.0.0.1 took 0.00s
[2025-08-05 15:06:46,602] INFO drf_case.middleware - ğŸ“¡ POST /api/token/ from 127.0.0.1 took 0.27s
[2025-08-05 15:06:46,606] INFO flights.views - Yeni uÃ§uÅŸ oluÅŸturuldu: TK7777 - Ankara â†’ Vienna
[2025-08-05 15:06:46,607] INFO drf_case.middleware - ğŸ“¡ POST /api/flights/ from 127.0.0.1 took 0.00s
[2025-08-05 15:06:47,672] INFO drf_case.middleware - ğŸ“¡ POST /api/token/ from 127.0.0.1 took 0.27s
[2025-08-05 15:06:47,678] INFO flights.views - UÃ§uÅŸ silindi: TK0000 - Test Origin â†’ Test Destination
[2025-08-05 15:06:47,681] INFO drf_case.middleware - ğŸ“¡ DELETE /api/flights/16/ from 127.0.0.1 took 0.01s
[2025-08-05 15:06:48,776] INFO drf_case.middleware - ğŸ“¡ POST /api/token/ from 127.0.0.1 took 0.28s
[2025-08-05 15:06:48,782] INFO drf_case.middleware - ğŸ“¡ GET /api/flights/17/ from 127.0.0.1 took 0.00s
[2025-08-05 15:06:49,887] INFO drf_case.middleware - ğŸ“¡ POST /api/token/ from 127.0.0.1 took 0.28s
[2025-08-05 15:06:49,890] INFO flights.views - ğŸ” Filtreleme/sayfalama var, doÄŸrudan DB'den Ã§ekiliyor
[2025-08-05 15:06:49,896] INFO drf_case.middleware - ğŸ“¡ GET /api/flights/ from 127.0.0.1 took 0.01s
[2025-08-05 15:06:50,959] INFO drf_case.middleware - ğŸ“¡ POST /api/token/ from 127.0.0.1 took 0.26s
[2025-08-05 15:06:50,962] INFO flights.views - ğŸ” Filtreleme/sayfalama var, doÄŸrudan DB'den Ã§ekiliyor
[2025-08-05 15:06:50,966] INFO drf_case.middleware - ğŸ“¡ GET /api/flights/ from 127.0.0.1 took 0.01s
[2025-08-05 15:06:52,015] INFO drf_case.middleware - ğŸ“¡ POST /api/token/ from 127.0.0.1 took 0.26s
[2025-08-05 15:06:52,018] INFO flights.views - ğŸ” Filtreleme/sayfalama var, doÄŸrudan DB'den Ã§ekiliyor
[2025-08-05 15:06:52,023] INFO drf_case.middleware - ğŸ“¡ GET /api/flights/ from 127.0.0.1 took 0.01s
[2025-08-05 15:06:53,082] INFO drf_case.middleware - ğŸ“¡ POST /api/token/ from 127.0.0.1 took 0.26s
[2025-08-05 15:06:53,086] INFO flights.views - ğŸ“¦ DB'den alÄ±ndÄ± ve cache'e yazÄ±ldÄ±.
[2025-08-05 15:06:53,087] INFO drf_case.middleware - ğŸ“¡ GET /api/flights/ from 127.0.0.1 took 0.00s
[2025-08-05 15:06:53,918] INFO drf_case.middleware - ğŸ“¡ GET /api/flights/ from 127.0.0.1 took 0.00s
[2025-08-05 15:06:53,918] WARNING django.request - Unauthorized: /api/flights/
[2025-08-05 15:06:54,997] INFO drf_case.middleware - ğŸ“¡ POST /api/token/ from 127.0.0.1 took 0.27s
[2025-08-05 15:06:55,000] INFO flights.views - ğŸ” Filtreleme/sayfalama var, doÄŸrudan DB'den Ã§ekiliyor
[2025-08-05 15:06:55,005] INFO drf_case.middleware - ğŸ“¡ GET /api/flights/ from 127.0.0.1 took 0.01s
[2025-08-05 15:06:56,083] INFO drf_case.middleware - ğŸ“¡ POST /api/token/ from 127.0.0.1 took 0.28s
[2025-08-05 15:06:56,124] INFO flights.views - UÃ§uÅŸ gÃ¼ncellendi: TK1234 - Ankara â†’ Berlin
[2025-08-05 15:06:56,125] INFO drf_case.middleware - ğŸ“¡ PUT /api/flights/38/ from 127.0.0.1 took 0.04s
[2025-08-05 15:06:57,228] INFO drf_case.middleware - ğŸ“¡ POST /api/token/ from 127.0.0.1 took 0.26s
[2025-08-05 15:06:57,236] INFO drf_case.middleware - ğŸ“¡ GET /api/flights/41/ from 127.0.0.1 took 0.00s
[2025-08-05 15:06:58,362] INFO drf_case.middleware - ğŸ“¡ POST /api/token/ from 127.0.0.1 took 0.28s
[2025-08-05 15:06:58,367] INFO drf_case.middleware - ğŸ“¡ POST /api/crew/ from 127.0.0.1 took 0.00s
[2025-08-05 15:06:59,467] INFO drf_case.middleware - ğŸ“¡ POST /api/token/ from 127.0.0.1 took 0.27s
[2025-08-05 15:06:59,472] INFO drf_case.middleware - ğŸ“¡ POST /api/crew/ from 127.0.0.1 took 0.00s
[2025-08-05 15:07:00,536] INFO drf_case.middleware - ğŸ“¡ POST /api/token/ from 127.0.0.1 took 0.26s
[2025-08-05 15:07:00,541] INFO drf_case.middleware - ğŸ“¡ DELETE /api/crew/11/ from 127.0.0.1 took 0.00s
[2025-08-05 15:07:01,608] INFO drf_case.middleware - ğŸ“¡ POST /api/token/ from 127.0.0.1 took 0.26s
[2025-08-05 15:07:01,612] INFO drf_case.middleware - ğŸ“¡ GET /api/crew/12/ from 127.0.0.1 took 0.00s
[2025-08-05 15:07:02,705] INFO drf_case.middleware - ğŸ“¡ POST /api/token/ from 127.0.0.1 took 0.29s
[2025-08-05 15:07:02,711] INFO drf_case.middleware - ğŸ“¡ GET /api/crew/ from 127.0.0.1 took 0.00s
[2025-08-05 15:07:03,788] INFO drf_case.middleware - ğŸ“¡ POST /api/token/ from 127.0.0.1 took 0.27s
[2025-08-05 15:07:03,794] INFO drf_case.middleware - ğŸ“¡ GET /api/crew/ from 127.0.0.1 took 0.00s
[2025-08-05 15:07:04,867] INFO drf_case.middleware - ğŸ“¡ POST /api/token/ from 127.0.0.1 took 0.27s
[2025-08-05 15:07:04,872] INFO drf_case.middleware - ğŸ“¡ GET /api/crew/ from 127.0.0.1 took 0.00s
[2025-08-05 15:07:05,679] INFO drf_case.middleware - ğŸ“¡ GET /api/crew/ from 127.0.0.1 took 0.00s
[2025-08-05 15:07:05,680] WARNING django.request - Unauthorized: /api/crew/
[2025-08-05 15:07:06,754] INFO drf_case.middleware - ğŸ“¡ POST /api/token/ from 127.0.0.1 took 0.27s
[2025-08-05 15:07:06,758] INFO drf_case.middleware - ğŸ“¡ POST /api/crew/ from 127.0.0.1 took 0.00s
[2025-08-05 15:07:06,758] WARNING django.request - Bad Request: /api/crew/
[2025-08-05 15:07:07,824] INFO drf_case.middleware - ğŸ“¡ POST /api/token/ from 127.0.0.1 took 0.26s
[2025-08-05 15:07:07,830] INFO drf_case.middleware - ğŸ“¡ PUT /api/crew/24/ from 127.0.0.1 took 0.00s
[2025-08-05 15:07:13,888] INFO drf_case.middleware - ğŸ“¡ GET /health/ from 127.0.0.1 took 0.27s
[2025-08-05 15:07:44,421] INFO drf_case.middleware - ğŸ“¡ GET /health/ from 127.0.0.1 took 0.00s
[2025-08-05 15:07:49,347] INFO drf_case.middleware - ğŸ“¡ GET / from 172.18.0.7 took 0.28s
[2025-08-05 15:08:15,216] INFO drf_case.middleware - ğŸ“¡ GET /health/ from 127.0.0.1 took 0.29s
[2025-08-05 15:08:45,991] INFO drf_case.middleware - ğŸ“¡ GET /health/ from 127.0.0.1 took 0.28s
[2025-08-05 15:09:17,134] INFO drf_case.middleware - ğŸ“¡ GET /health/ from 127.0.0.1 took 0.51s
[2025-08-05 15:16:04,066] INFO drf_case.middleware - ğŸ“¡ GET /health/ from 127.0.0.1 took 0.27s
[2025-08-05 15:16:05,607] INFO drf_case.middleware - ğŸ“¡ GET / from 172.18.0.7 took 0.26s
[2025-08-05 15:16:34,825] INFO drf_case.middleware - ğŸ“¡ GET /health/ from 127.0.0.1 took 0.27s
[2025-08-05 15:16:42,653] INFO drf_case.middleware - ğŸ“¡ GET /health/ from 172.18.0.7 took 0.26s
[2025-08-05 15:16:47,869] INFO drf_case.middleware - ğŸ“¡ POST /api/token/ from 127.0.0.1 took 0.27s
[2025-08-05 15:16:47,871] WARNING django.request - Unauthorized: /api/token/
[2025-08-05 15:16:48,409] INFO drf_case.middleware - ğŸ“¡ POST /api/token/ from 127.0.0.1 took 0.27s
[2025-08-05 15:16:48,943] INFO drf_case.middleware - ğŸ“¡ POST /api/token/ from 127.0.0.1 took 0.27s
[2025-08-05 15:16:48,947] INFO drf_case.middleware - ğŸ“¡ POST /api/token/refresh/ from 127.0.0.1 took 0.00s
[2025-08-05 15:16:49,520] INFO drf_case.middleware - ğŸ“¡ POST /api/users/register/ from 127.0.0.1 took 0.30s
[2025-08-05 15:16:49,791] INFO drf_case.middleware - ğŸ“¡ POST /api/users/register/ from 127.0.0.1 took 0.27s
[2025-08-05 15:16:50,058] INFO drf_case.middleware - ğŸ“¡ POST /api/users/register/ from 127.0.0.1 took 0.26s
[2025-08-05 15:16:50,324] INFO drf_case.middleware - ğŸ“¡ POST /api/users/register/ from 127.0.0.1 took 0.26s
[2025-08-05 15:16:57,308] INFO drf_case.middleware - ğŸ“¡ POST /api/token/ from 127.0.0.1 took 0.26s
[2025-08-05 15:16:57,312] INFO flights.views - Yeni uÃ§uÅŸ oluÅŸturuldu: TK9999 - Ä°zmir â†’ Madrid
[2025-08-05 15:16:57,315] INFO drf_case.middleware - ğŸ“¡ POST /api/flights/ from 127.0.0.1 took 0.01s
[2025-08-05 15:16:58,377] INFO drf_case.middleware - ğŸ“¡ POST /api/token/ from 127.0.0.1 took 0.26s
[2025-08-05 15:16:58,382] INFO flights.views - Yeni uÃ§uÅŸ oluÅŸturuldu: TK8888 - Antalya â†’ Rome
[2025-08-05 15:16:58,383] INFO drf_case.middleware - ğŸ“¡ POST /api/flights/ from 127.0.0.1 took 0.00s
[2025-08-05 15:16:59,445] INFO drf_case.middleware - ğŸ“¡ POST /api/token/ from 127.0.0.1 took 0.26s
[2025-08-05 15:16:59,449] INFO flights.views - Yeni uÃ§uÅŸ oluÅŸturuldu: TK7777 - Ankara â†’ Vienna
[2025-08-05 15:16:59,450] INFO drf_case.middleware - ğŸ“¡ POST /api/flights/ from 127.0.0.1 took 0.00s
[2025-08-05 15:17:00,517] INFO drf_case.middleware - ğŸ“¡ POST /api/token/ from 127.0.0.1 took 0.26s
[2025-08-05 15:17:00,523] INFO flights.views - UÃ§uÅŸ silindi: TK0000 - Test Origin â†’ Test Destination
[2025-08-05 15:17:00,526] INFO drf_case.middleware - ğŸ“¡ DELETE /api/flights/16/ from 127.0.0.1 took 0.01s
[2025-08-05 15:17:01,589] INFO drf_case.middleware - ğŸ“¡ POST /api/token/ from 127.0.0.1 took 0.26s
[2025-08-05 15:17:01,594] INFO drf_case.middleware - ğŸ“¡ GET /api/flights/17/ from 127.0.0.1 took 0.00s
[2025-08-05 15:17:02,648] INFO drf_case.middleware - ğŸ“¡ POST /api/token/ from 127.0.0.1 took 0.26s
[2025-08-05 15:17:02,651] INFO flights.views - ğŸ” Filtreleme/sayfalama var, doÄŸrudan DB'den Ã§ekiliyor
[2025-08-05 15:17:02,656] INFO drf_case.middleware - ğŸ“¡ GET /api/flights/ from 127.0.0.1 took 0.01s
[2025-08-05 15:17:03,715] INFO drf_case.middleware - ğŸ“¡ POST /api/token/ from 127.0.0.1 took 0.27s
[2025-08-05 15:17:03,718] INFO flights.views - ğŸ” Filtreleme/sayfalama var, doÄŸrudan DB'den Ã§ekiliyor
[2025-08-05 15:17:03,722] INFO drf_case.middleware - ğŸ“¡ GET /api/flights/ from 127.0.0.1 took 0.01s
[2025-08-05 15:17:04,772] INFO drf_case.middleware - ğŸ“¡ POST /api/token/ from 127.0.0.1 took 0.26s
[2025-08-05 15:17:04,775] INFO flights.views - ğŸ” Filtreleme/sayfalama var, doÄŸrudan DB'den Ã§ekiliyor
[2025-08-05 15:17:04,780] INFO drf_case.middleware - ğŸ“¡ GET /api/flights/ from 127.0.0.1 took 0.01s
[2025-08-05 15:17:05,608] INFO drf_case.middleware - ğŸ“¡ GET /health/ from 127.0.0.1 took 0.28s
[2025-08-05 15:17:05,864] INFO drf_case.middleware - ğŸ“¡ POST /api/token/ from 127.0.0.1 took 0.26s
[2025-08-05 15:17:05,868] INFO flights.views - ğŸ“¦ DB'den alÄ±ndÄ± ve cache'e yazÄ±ldÄ±.
[2025-08-05 15:17:05,868] INFO drf_case.middleware - ğŸ“¡ GET /api/flights/ from 127.0.0.1 took 0.00s
[2025-08-05 15:17:06,662] INFO drf_case.middleware - ğŸ“¡ GET /api/flights/ from 127.0.0.1 took 0.00s
[2025-08-05 15:17:06,662] WARNING django.request - Unauthorized: /api/flights/
[2025-08-05 15:17:07,728] INFO drf_case.middleware - ğŸ“¡ POST /api/token/ from 127.0.0.1 took 0.27s
[2025-08-05 15:17:07,730] INFO flights.views - ğŸ” Filtreleme/sayfalama var, doÄŸrudan DB'den Ã§ekiliyor
[2025-08-05 15:17:07,735] INFO drf_case.middleware - ğŸ“¡ GET /api/flights/ from 127.0.0.1 took 0.01s
[2025-08-05 15:17:08,822] INFO drf_case.middleware - ğŸ“¡ POST /api/token/ from 127.0.0.1 took 0.27s
[2025-08-05 15:17:08,860] INFO flights.views - UÃ§uÅŸ gÃ¼ncellendi: TK1234 - Ankara â†’ Berlin
[2025-08-05 15:17:08,861] INFO drf_case.middleware - ğŸ“¡ PUT /api/flights/38/ from 127.0.0.1 took 0.04s
[2025-08-05 15:17:09,930] INFO drf_case.middleware - ğŸ“¡ POST /api/token/ from 127.0.0.1 took 0.26s
[2025-08-05 15:17:09,937] INFO drf_case.middleware - ğŸ“¡ GET /api/flights/41/ from 127.0.0.1 took 0.00s
[2025-08-05 15:17:11,053] INFO drf_case.middleware - ğŸ“¡ POST /api/token/ from 127.0.0.1 took 0.26s
[2025-08-05 15:17:11,057] INFO drf_case.middleware - ğŸ“¡ POST /api/crew/ from 127.0.0.1 took 0.00s
[2025-08-05 15:17:12,115] INFO drf_case.middleware - ğŸ“¡ POST /api/token/ from 127.0.0.1 took 0.26s
[2025-08-05 15:17:12,120] INFO drf_case.middleware - ğŸ“¡ POST /api/crew/ from 127.0.0.1 took 0.00s
[2025-08-05 15:17:13,168] INFO drf_case.middleware - ğŸ“¡ POST /api/token/ from 127.0.0.1 took 0.26s
[2025-08-05 15:17:13,174] INFO drf_case.middleware - ğŸ“¡ DELETE /api/crew/11/ from 127.0.0.1 took 0.00s
[2025-08-05 15:17:14,228] INFO drf_case.middleware - ğŸ“¡ POST /api/token/ from 127.0.0.1 took 0.26s
[2025-08-05 15:17:14,234] INFO drf_case.middleware - ğŸ“¡ GET /api/crew/12/ from 127.0.0.1 took 0.00s
[2025-08-05 15:17:15,285] INFO drf_case.middleware - ğŸ“¡ POST /api/token/ from 127.0.0.1 took 0.26s
[2025-08-05 15:17:15,290] INFO drf_case.middleware - ğŸ“¡ GET /api/crew/ from 127.0.0.1 took 0.00s
[2025-08-05 15:17:16,366] INFO drf_case.middleware - ğŸ“¡ POST /api/token/ from 127.0.0.1 took 0.27s
[2025-08-05 15:17:16,371] INFO drf_case.middleware - ğŸ“¡ GET /api/crew/ from 127.0.0.1 took 0.00s
[2025-08-05 15:17:17,456] INFO drf_case.middleware - ğŸ“¡ POST /api/token/ from 127.0.0.1 took 0.27s
[2025-08-05 15:17:17,461] INFO drf_case.middleware - ğŸ“¡ GET /api/crew/ from 127.0.0.1 took 0.00s
[2025-08-05 15:17:18,311] INFO drf_case.middleware - ğŸ“¡ GET /api/crew/ from 127.0.0.1 took 0.00s
[2025-08-05 15:17:18,311] WARNING django.request - Unauthorized: /api/crew/
[2025-08-05 15:17:19,454] INFO drf_case.middleware - ğŸ“¡ POST /api/token/ from 127.0.0.1 took 0.29s
[2025-08-05 15:17:19,458] INFO drf_case.middleware - ğŸ“¡ POST /api/crew/ from 127.0.0.1 took 0.00s
[2025-08-05 15:17:19,459] WARNING django.request - Bad Request: /api/crew/
[2025-08-05 15:17:20,587] INFO drf_case.middleware - ğŸ“¡ POST /api/token/ from 127.0.0.1 took 0.27s
[2025-08-05 15:17:20,593] INFO drf_case.middleware - ğŸ“¡ PUT /api/crew/24/ from 127.0.0.1 took 0.01s
[2025-08-05 15:17:36,387] INFO drf_case.middleware - ğŸ“¡ GET /health/ from 127.0.0.1 took 0.28s
[2025-08-05 15:41:24,197] INFO drf_case.middleware - ğŸ“¡ GET /health/ from 127.0.0.1 took 0.27s
[2025-08-05 15:41:54,974] INFO drf_case.middleware - ğŸ“¡ GET /health/ from 127.0.0.1 took 0.28s
[2025-08-05 15:42:25,764] INFO drf_case.middleware - ğŸ“¡ GET /health/ from 127.0.0.1 took 0.28s
[2025-08-05 15:42:31,673] INFO drf_case.middleware - ğŸ“¡ GET /dispatch.asp from 172.18.0.7 took 0.01s
[2025-08-05 15:42:31,675] WARNING django.request - Not Found: /dispatch.asp
[2025-08-05 15:42:38,351] INFO drf_case.middleware - ğŸ“¡ GET /health/ from 172.18.0.7 took 0.27s
[2025-08-05 15:42:56,262] INFO drf_case.middleware - ğŸ“¡ GET /health/ from 127.0.0.1 took 0.00s
[2025-08-05 15:42:58,051] INFO drf_case.middleware - ğŸ“¡ GET / from 172.18.0.7 took 0.28s
[2025-08-05 15:42:58,377] INFO drf_case.middleware - ğŸ“¡ GET /favicon.ico from 172.18.0.7 took 0.28s
[2025-08-05 15:42:58,378] WARNING django.request - Not Found: /favicon.ico
[2025-08-05 15:43:03,628] ERROR django.request - Internal Server Error: /api/token/
Traceback (most recent call last):
  File "/usr/local/lib/python3.12/site-packages/django/db/backends/utils.py", line 105, in _execute
    return self.cursor.execute(sql, params)
           ^^^^^^^^^^^^^^^^^^^^^^^^^^^^^^^^
psycopg2.errors.UndefinedTable: relation "users_user" does not exist
LINE 1: ...", "users_user"."email", "users_user"."role" FROM "users_use...
                                                             ^


The above exception was the direct cause of the following exception:

Traceback (most recent call last):
  File "/usr/local/lib/python3.12/site-packages/django/core/handlers/exception.py", line 55, in inner
    response = get_response(request)
               ^^^^^^^^^^^^^^^^^^^^^
  File "/usr/local/lib/python3.12/site-packages/django/core/handlers/base.py", line 197, in _get_response
    response = wrapped_callback(request, *callback_args, **callback_kwargs)
               ^^^^^^^^^^^^^^^^^^^^^^^^^^^^^^^^^^^^^^^^^^^^^^^^^^^^^^^^^^^^
  File "/usr/local/lib/python3.12/site-packages/django/views/decorators/csrf.py", line 65, in _view_wrapper
    return view_func(request, *args, **kwargs)
           ^^^^^^^^^^^^^^^^^^^^^^^^^^^^^^^^^^^
  File "/usr/local/lib/python3.12/site-packages/django/views/generic/base.py", line 105, in view
    return self.dispatch(request, *args, **kwargs)
           ^^^^^^^^^^^^^^^^^^^^^^^^^^^^^^^^^^^^^^^
  File "/usr/local/lib/python3.12/site-packages/rest_framework/views.py", line 515, in dispatch
    response = self.handle_exception(exc)
               ^^^^^^^^^^^^^^^^^^^^^^^^^^
  File "/usr/local/lib/python3.12/site-packages/rest_framework/views.py", line 475, in handle_exception
    self.raise_uncaught_exception(exc)
  File "/usr/local/lib/python3.12/site-packages/rest_framework/views.py", line 486, in raise_uncaught_exception
    raise exc
  File "/usr/local/lib/python3.12/site-packages/rest_framework/views.py", line 512, in dispatch
    response = handler(request, *args, **kwargs)
               ^^^^^^^^^^^^^^^^^^^^^^^^^^^^^^^^^
  File "/usr/local/lib/python3.12/site-packages/rest_framework_simplejwt/views.py", line 46, in post
    serializer.is_valid(raise_exception=True)
  File "/usr/local/lib/python3.12/site-packages/rest_framework/serializers.py", line 225, in is_valid
    self._validated_data = self.run_validation(self.initial_data)
                           ^^^^^^^^^^^^^^^^^^^^^^^^^^^^^^^^^^^^^^
  File "/usr/local/lib/python3.12/site-packages/rest_framework/serializers.py", line 447, in run_validation
    value = self.validate(value)
            ^^^^^^^^^^^^^^^^^^^^
  File "/usr/local/lib/python3.12/site-packages/rest_framework_simplejwt/serializers.py", line 73, in validate
    data = super().validate(attrs)
           ^^^^^^^^^^^^^^^^^^^^^^^
  File "/usr/local/lib/python3.12/site-packages/rest_framework_simplejwt/serializers.py", line 54, in validate
    self.user = authenticate(**authenticate_kwargs)
                ^^^^^^^^^^^^^^^^^^^^^^^^^^^^^^^^^^^
  File "/usr/local/lib/python3.12/site-packages/django/views/decorators/debug.py", line 75, in sensitive_variables_wrapper
    return func(*func_args, **func_kwargs)
           ^^^^^^^^^^^^^^^^^^^^^^^^^^^^^^^
  File "/usr/local/lib/python3.12/site-packages/django/contrib/auth/__init__.py", line 114, in authenticate
    user = backend.authenticate(request, **credentials)
           ^^^^^^^^^^^^^^^^^^^^^^^^^^^^^^^^^^^^^^^^^^^^
  File "/usr/local/lib/python3.12/site-packages/django/contrib/auth/backends.py", line 65, in authenticate
    user = UserModel._default_manager.get_by_natural_key(username)
           ^^^^^^^^^^^^^^^^^^^^^^^^^^^^^^^^^^^^^^^^^^^^^^^^^^^^^^^
  File "/usr/local/lib/python3.12/site-packages/django/contrib/auth/base_user.py", line 37, in get_by_natural_key
    return self.get(**{self.model.USERNAME_FIELD: username})
           ^^^^^^^^^^^^^^^^^^^^^^^^^^^^^^^^^^^^^^^^^^^^^^^^^
  File "/usr/local/lib/python3.12/site-packages/django/db/models/manager.py", line 87, in manager_method
    return getattr(self.get_queryset(), name)(*args, **kwargs)
           ^^^^^^^^^^^^^^^^^^^^^^^^^^^^^^^^^^^^^^^^^^^^^^^^^^^
  File "/usr/local/lib/python3.12/site-packages/django/db/models/query.py", line 629, in get
    num = len(clone)
          ^^^^^^^^^^
  File "/usr/local/lib/python3.12/site-packages/django/db/models/query.py", line 366, in __len__
    self._fetch_all()
  File "/usr/local/lib/python3.12/site-packages/django/db/models/query.py", line 1949, in _fetch_all
    self._result_cache = list(self._iterable_class(self))
                         ^^^^^^^^^^^^^^^^^^^^^^^^^^^^^^^^
  File "/usr/local/lib/python3.12/site-packages/django/db/models/query.py", line 91, in __iter__
    results = compiler.execute_sql(
              ^^^^^^^^^^^^^^^^^^^^^
  File "/usr/local/lib/python3.12/site-packages/django/db/models/sql/compiler.py", line 1623, in execute_sql
    cursor.execute(sql, params)
  File "/usr/local/lib/python3.12/site-packages/django/db/backends/utils.py", line 122, in execute
    return super().execute(sql, params)
           ^^^^^^^^^^^^^^^^^^^^^^^^^^^^
  File "/usr/local/lib/python3.12/site-packages/django/db/backends/utils.py", line 79, in execute
    return self._execute_with_wrappers(
           ^^^^^^^^^^^^^^^^^^^^^^^^^^^^
  File "/usr/local/lib/python3.12/site-packages/django/db/backends/utils.py", line 92, in _execute_with_wrappers
    return executor(sql, params, many, context)
           ^^^^^^^^^^^^^^^^^^^^^^^^^^^^^^^^^^^^
  File "/usr/local/lib/python3.12/site-packages/django/db/backends/utils.py", line 100, in _execute
    with self.db.wrap_database_errors:
         ^^^^^^^^^^^^^^^^^^^^^^^^^^^^
  File "/usr/local/lib/python3.12/site-packages/django/db/utils.py", line 91, in __exit__
    raise dj_exc_value.with_traceback(traceback) from exc_value
  File "/usr/local/lib/python3.12/site-packages/django/db/backends/utils.py", line 105, in _execute
    return self.cursor.execute(sql, params)
           ^^^^^^^^^^^^^^^^^^^^^^^^^^^^^^^^
django.db.utils.ProgrammingError: relation "users_user" does not exist
LINE 1: ...", "users_user"."email", "users_user"."role" FROM "users_use...
                                                             ^

[2025-08-05 15:43:03,633] INFO drf_case.middleware - ğŸ“¡ POST /api/token/ from 172.18.0.7 took 0.37s
[2025-08-05 15:43:21,003] INFO drf_case.middleware - ğŸ“¡ POST /api/token/ from 127.0.0.1 took 0.26s
[2025-08-05 15:43:21,005] WARNING django.request - Unauthorized: /api/token/
[2025-08-05 15:43:21,555] INFO drf_case.middleware - ğŸ“¡ POST /api/token/ from 127.0.0.1 took 0.28s
[2025-08-05 15:43:22,087] INFO drf_case.middleware - ğŸ“¡ POST /api/token/ from 127.0.0.1 took 0.27s
[2025-08-05 15:43:22,090] INFO drf_case.middleware - ğŸ“¡ POST /api/token/refresh/ from 127.0.0.1 took 0.00s
[2025-08-05 15:43:22,669] INFO drf_case.middleware - ğŸ“¡ POST /api/users/register/ from 127.0.0.1 took 0.30s
[2025-08-05 15:43:22,942] INFO drf_case.middleware - ğŸ“¡ POST /api/users/register/ from 127.0.0.1 took 0.27s
[2025-08-05 15:43:23,215] INFO drf_case.middleware - ğŸ“¡ POST /api/users/register/ from 127.0.0.1 took 0.27s
[2025-08-05 15:43:23,487] INFO drf_case.middleware - ğŸ“¡ POST /api/users/register/ from 127.0.0.1 took 0.27s
[2025-08-05 15:43:26,763] INFO drf_case.middleware - ğŸ“¡ GET /health/ from 127.0.0.1 took 0.00s
[2025-08-05 15:43:30,469] INFO drf_case.middleware - ğŸ“¡ POST /api/token/ from 127.0.0.1 took 0.26s
[2025-08-05 15:43:30,474] INFO flights.views - Yeni uÃ§uÅŸ oluÅŸturuldu: TK9999 - Ä°zmir â†’ Madrid
[2025-08-05 15:43:30,477] INFO drf_case.middleware - ğŸ“¡ POST /api/flights/ from 127.0.0.1 took 0.01s
[2025-08-05 15:43:31,557] INFO drf_case.middleware - ğŸ“¡ POST /api/token/ from 127.0.0.1 took 0.27s
[2025-08-05 15:43:31,562] INFO flights.views - Yeni uÃ§uÅŸ oluÅŸturuldu: TK8888 - Antalya â†’ Rome
[2025-08-05 15:43:31,563] INFO drf_case.middleware - ğŸ“¡ POST /api/flights/ from 127.0.0.1 took 0.00s
[2025-08-05 15:43:32,637] INFO drf_case.middleware - ğŸ“¡ POST /api/token/ from 127.0.0.1 took 0.26s
[2025-08-05 15:43:32,641] INFO flights.views - Yeni uÃ§uÅŸ oluÅŸturuldu: TK7777 - Ankara â†’ Vienna
[2025-08-05 15:43:32,642] INFO drf_case.middleware - ğŸ“¡ POST /api/flights/ from 127.0.0.1 took 0.00s
[2025-08-05 15:43:33,714] INFO drf_case.middleware - ğŸ“¡ POST /api/token/ from 127.0.0.1 took 0.27s
[2025-08-05 15:43:33,721] INFO flights.views - UÃ§uÅŸ silindi: TK0000 - Test Origin â†’ Test Destination
[2025-08-05 15:43:33,724] INFO drf_case.middleware - ğŸ“¡ DELETE /api/flights/16/ from 127.0.0.1 took 0.01s
[2025-08-05 15:43:34,800] INFO drf_case.middleware - ğŸ“¡ POST /api/token/ from 127.0.0.1 took 0.26s
[2025-08-05 15:43:34,806] INFO drf_case.middleware - ğŸ“¡ GET /api/flights/17/ from 127.0.0.1 took 0.00s
[2025-08-05 15:43:35,899] INFO drf_case.middleware - ğŸ“¡ POST /api/token/ from 127.0.0.1 took 0.28s
[2025-08-05 15:43:35,903] INFO flights.views - ğŸ” Filtreleme/sayfalama var, doÄŸrudan DB'den Ã§ekiliyor
[2025-08-05 15:43:35,909] INFO drf_case.middleware - ğŸ“¡ GET /api/flights/ from 127.0.0.1 took 0.01s
[2025-08-05 15:43:37,007] INFO drf_case.middleware - ğŸ“¡ POST /api/token/ from 127.0.0.1 took 0.27s
[2025-08-05 15:43:37,010] INFO flights.views - ğŸ” Filtreleme/sayfalama var, doÄŸrudan DB'den Ã§ekiliyor
[2025-08-05 15:43:37,014] INFO drf_case.middleware - ğŸ“¡ GET /api/flights/ from 127.0.0.1 took 0.01s
[2025-08-05 15:43:38,096] INFO drf_case.middleware - ğŸ“¡ POST /api/token/ from 127.0.0.1 took 0.27s
[2025-08-05 15:43:38,099] INFO flights.views - ğŸ” Filtreleme/sayfalama var, doÄŸrudan DB'den Ã§ekiliyor
[2025-08-05 15:43:38,103] INFO drf_case.middleware - ğŸ“¡ GET /api/flights/ from 127.0.0.1 took 0.01s
[2025-08-05 15:43:39,197] INFO drf_case.middleware - ğŸ“¡ POST /api/token/ from 127.0.0.1 took 0.27s
[2025-08-05 15:43:39,201] INFO flights.views - ğŸ“¦ DB'den alÄ±ndÄ± ve cache'e yazÄ±ldÄ±.
[2025-08-05 15:43:39,202] INFO drf_case.middleware - ğŸ“¡ GET /api/flights/ from 127.0.0.1 took 0.00s
[2025-08-05 15:43:40,011] INFO drf_case.middleware - ğŸ“¡ GET /api/flights/ from 127.0.0.1 took 0.00s
[2025-08-05 15:43:40,011] WARNING django.request - Unauthorized: /api/flights/
[2025-08-05 15:43:41,077] INFO drf_case.middleware - ğŸ“¡ POST /api/token/ from 127.0.0.1 took 0.27s
[2025-08-05 15:43:41,080] INFO flights.views - ğŸ” Filtreleme/sayfalama var, doÄŸrudan DB'den Ã§ekiliyor
[2025-08-05 15:43:41,084] INFO drf_case.middleware - ğŸ“¡ GET /api/flights/ from 127.0.0.1 took 0.01s
[2025-08-05 15:43:42,174] INFO drf_case.middleware - ğŸ“¡ POST /api/token/ from 127.0.0.1 took 0.27s
[2025-08-05 15:43:42,211] INFO flights.views - UÃ§uÅŸ gÃ¼ncellendi: TK1234 - Ankara â†’ Berlin
[2025-08-05 15:43:42,212] INFO drf_case.middleware - ğŸ“¡ PUT /api/flights/38/ from 127.0.0.1 took 0.04s
[2025-08-05 15:43:43,290] INFO drf_case.middleware - ğŸ“¡ POST /api/token/ from 127.0.0.1 took 0.27s
[2025-08-05 15:43:43,296] INFO drf_case.middleware - ğŸ“¡ GET /api/flights/41/ from 127.0.0.1 took 0.00s
[2025-08-05 15:43:44,448] INFO drf_case.middleware - ğŸ“¡ POST /api/token/ from 127.0.0.1 took 0.27s
[2025-08-05 15:43:44,453] INFO drf_case.middleware - ğŸ“¡ POST /api/crew/ from 127.0.0.1 took 0.00s
[2025-08-05 15:43:45,533] INFO drf_case.middleware - ğŸ“¡ POST /api/token/ from 127.0.0.1 took 0.27s
[2025-08-05 15:43:45,538] INFO drf_case.middleware - ğŸ“¡ POST /api/crew/ from 127.0.0.1 took 0.00s
[2025-08-05 15:43:46,676] INFO drf_case.middleware - ğŸ“¡ POST /api/token/ from 127.0.0.1 took 0.27s
[2025-08-05 15:43:46,681] INFO drf_case.middleware - ğŸ“¡ DELETE /api/crew/11/ from 127.0.0.1 took 0.00s
[2025-08-05 15:43:47,755] INFO drf_case.middleware - ğŸ“¡ POST /api/token/ from 127.0.0.1 took 0.27s
[2025-08-05 15:43:47,760] INFO drf_case.middleware - ğŸ“¡ GET /api/crew/12/ from 127.0.0.1 took 0.00s
[2025-08-05 15:43:48,833] INFO drf_case.middleware - ğŸ“¡ POST /api/token/ from 127.0.0.1 took 0.27s
[2025-08-05 15:43:48,839] INFO drf_case.middleware - ğŸ“¡ GET /api/crew/ from 127.0.0.1 took 0.00s
[2025-08-05 15:43:49,914] INFO drf_case.middleware - ğŸ“¡ POST /api/token/ from 127.0.0.1 took 0.27s
[2025-08-05 15:43:49,920] INFO drf_case.middleware - ğŸ“¡ GET /api/crew/ from 127.0.0.1 took 0.00s
[2025-08-05 15:43:51,011] INFO drf_case.middleware - ğŸ“¡ POST /api/token/ from 127.0.0.1 took 0.27s
[2025-08-05 15:43:51,016] INFO drf_case.middleware - ğŸ“¡ GET /api/crew/ from 127.0.0.1 took 0.00s
[2025-08-05 15:43:51,844] INFO drf_case.middleware - ğŸ“¡ GET /api/crew/ from 127.0.0.1 took 0.00s
[2025-08-05 15:43:51,844] WARNING django.request - Unauthorized: /api/crew/
[2025-08-05 15:43:52,926] INFO drf_case.middleware - ğŸ“¡ POST /api/token/ from 127.0.0.1 took 0.27s
[2025-08-05 15:43:52,930] INFO drf_case.middleware - ğŸ“¡ POST /api/crew/ from 127.0.0.1 took 0.00s
[2025-08-05 15:43:52,931] WARNING django.request - Bad Request: /api/crew/
[2025-08-05 15:43:54,028] INFO drf_case.middleware - ğŸ“¡ POST /api/token/ from 127.0.0.1 took 0.27s
[2025-08-05 15:43:54,034] INFO drf_case.middleware - ğŸ“¡ PUT /api/crew/24/ from 127.0.0.1 took 0.00s
[2025-08-05 15:43:57,516] INFO drf_case.middleware - ğŸ“¡ GET /health/ from 127.0.0.1 took 0.27s
[2025-08-05 15:44:20,268] ERROR django.request - Internal Server Error: /api/token/
Traceback (most recent call last):
  File "/usr/local/lib/python3.12/site-packages/django/db/backends/utils.py", line 105, in _execute
    return self.cursor.execute(sql, params)
           ^^^^^^^^^^^^^^^^^^^^^^^^^^^^^^^^
psycopg2.errors.UndefinedTable: relation "users_user" does not exist
LINE 1: ...", "users_user"."email", "users_user"."role" FROM "users_use...
                                                             ^


The above exception was the direct cause of the following exception:

Traceback (most recent call last):
  File "/usr/local/lib/python3.12/site-packages/django/core/handlers/exception.py", line 55, in inner
    response = get_response(request)
               ^^^^^^^^^^^^^^^^^^^^^
  File "/usr/local/lib/python3.12/site-packages/django/core/handlers/base.py", line 197, in _get_response
    response = wrapped_callback(request, *callback_args, **callback_kwargs)
               ^^^^^^^^^^^^^^^^^^^^^^^^^^^^^^^^^^^^^^^^^^^^^^^^^^^^^^^^^^^^
  File "/usr/local/lib/python3.12/site-packages/django/views/decorators/csrf.py", line 65, in _view_wrapper
    return view_func(request, *args, **kwargs)
           ^^^^^^^^^^^^^^^^^^^^^^^^^^^^^^^^^^^
  File "/usr/local/lib/python3.12/site-packages/django/views/generic/base.py", line 105, in view
    return self.dispatch(request, *args, **kwargs)
           ^^^^^^^^^^^^^^^^^^^^^^^^^^^^^^^^^^^^^^^
  File "/usr/local/lib/python3.12/site-packages/rest_framework/views.py", line 515, in dispatch
    response = self.handle_exception(exc)
               ^^^^^^^^^^^^^^^^^^^^^^^^^^
  File "/usr/local/lib/python3.12/site-packages/rest_framework/views.py", line 475, in handle_exception
    self.raise_uncaught_exception(exc)
  File "/usr/local/lib/python3.12/site-packages/rest_framework/views.py", line 486, in raise_uncaught_exception
    raise exc
  File "/usr/local/lib/python3.12/site-packages/rest_framework/views.py", line 512, in dispatch
    response = handler(request, *args, **kwargs)
               ^^^^^^^^^^^^^^^^^^^^^^^^^^^^^^^^^
  File "/usr/local/lib/python3.12/site-packages/rest_framework_simplejwt/views.py", line 46, in post
    serializer.is_valid(raise_exception=True)
  File "/usr/local/lib/python3.12/site-packages/rest_framework/serializers.py", line 225, in is_valid
    self._validated_data = self.run_validation(self.initial_data)
                           ^^^^^^^^^^^^^^^^^^^^^^^^^^^^^^^^^^^^^^
  File "/usr/local/lib/python3.12/site-packages/rest_framework/serializers.py", line 447, in run_validation
    value = self.validate(value)
            ^^^^^^^^^^^^^^^^^^^^
  File "/usr/local/lib/python3.12/site-packages/rest_framework_simplejwt/serializers.py", line 73, in validate
    data = super().validate(attrs)
           ^^^^^^^^^^^^^^^^^^^^^^^
  File "/usr/local/lib/python3.12/site-packages/rest_framework_simplejwt/serializers.py", line 54, in validate
    self.user = authenticate(**authenticate_kwargs)
                ^^^^^^^^^^^^^^^^^^^^^^^^^^^^^^^^^^^
  File "/usr/local/lib/python3.12/site-packages/django/views/decorators/debug.py", line 75, in sensitive_variables_wrapper
    return func(*func_args, **func_kwargs)
           ^^^^^^^^^^^^^^^^^^^^^^^^^^^^^^^
  File "/usr/local/lib/python3.12/site-packages/django/contrib/auth/__init__.py", line 114, in authenticate
    user = backend.authenticate(request, **credentials)
           ^^^^^^^^^^^^^^^^^^^^^^^^^^^^^^^^^^^^^^^^^^^^
  File "/usr/local/lib/python3.12/site-packages/django/contrib/auth/backends.py", line 65, in authenticate
    user = UserModel._default_manager.get_by_natural_key(username)
           ^^^^^^^^^^^^^^^^^^^^^^^^^^^^^^^^^^^^^^^^^^^^^^^^^^^^^^^
  File "/usr/local/lib/python3.12/site-packages/django/contrib/auth/base_user.py", line 37, in get_by_natural_key
    return self.get(**{self.model.USERNAME_FIELD: username})
           ^^^^^^^^^^^^^^^^^^^^^^^^^^^^^^^^^^^^^^^^^^^^^^^^^
  File "/usr/local/lib/python3.12/site-packages/django/db/models/manager.py", line 87, in manager_method
    return getattr(self.get_queryset(), name)(*args, **kwargs)
           ^^^^^^^^^^^^^^^^^^^^^^^^^^^^^^^^^^^^^^^^^^^^^^^^^^^
  File "/usr/local/lib/python3.12/site-packages/django/db/models/query.py", line 629, in get
    num = len(clone)
          ^^^^^^^^^^
  File "/usr/local/lib/python3.12/site-packages/django/db/models/query.py", line 366, in __len__
    self._fetch_all()
  File "/usr/local/lib/python3.12/site-packages/django/db/models/query.py", line 1949, in _fetch_all
    self._result_cache = list(self._iterable_class(self))
                         ^^^^^^^^^^^^^^^^^^^^^^^^^^^^^^^^
  File "/usr/local/lib/python3.12/site-packages/django/db/models/query.py", line 91, in __iter__
    results = compiler.execute_sql(
              ^^^^^^^^^^^^^^^^^^^^^
  File "/usr/local/lib/python3.12/site-packages/django/db/models/sql/compiler.py", line 1623, in execute_sql
    cursor.execute(sql, params)
  File "/usr/local/lib/python3.12/site-packages/django/db/backends/utils.py", line 122, in execute
    return super().execute(sql, params)
           ^^^^^^^^^^^^^^^^^^^^^^^^^^^^
  File "/usr/local/lib/python3.12/site-packages/django/db/backends/utils.py", line 79, in execute
    return self._execute_with_wrappers(
           ^^^^^^^^^^^^^^^^^^^^^^^^^^^^
  File "/usr/local/lib/python3.12/site-packages/django/db/backends/utils.py", line 92, in _execute_with_wrappers
    return executor(sql, params, many, context)
           ^^^^^^^^^^^^^^^^^^^^^^^^^^^^^^^^^^^^
  File "/usr/local/lib/python3.12/site-packages/django/db/backends/utils.py", line 100, in _execute
    with self.db.wrap_database_errors:
         ^^^^^^^^^^^^^^^^^^^^^^^^^^^^
  File "/usr/local/lib/python3.12/site-packages/django/db/utils.py", line 91, in __exit__
    raise dj_exc_value.with_traceback(traceback) from exc_value
  File "/usr/local/lib/python3.12/site-packages/django/db/backends/utils.py", line 105, in _execute
    return self.cursor.execute(sql, params)
           ^^^^^^^^^^^^^^^^^^^^^^^^^^^^^^^^
django.db.utils.ProgrammingError: relation "users_user" does not exist
LINE 1: ...", "users_user"."email", "users_user"."role" FROM "users_use...
                                                             ^

[2025-08-05 15:44:20,273] INFO drf_case.middleware - ğŸ“¡ POST /api/token/ from 172.18.0.7 took 0.34s
[2025-08-05 15:44:28,361] INFO drf_case.middleware - ğŸ“¡ GET /health/ from 127.0.0.1 took 0.29s
[2025-08-05 15:44:59,183] INFO drf_case.middleware - ğŸ“¡ GET /health/ from 127.0.0.1 took 0.28s
[2025-08-05 15:46:53,762] INFO drf_case.middleware - ğŸ“¡ GET /health/ from 127.0.0.1 took 0.27s
[2025-08-05 15:47:24,503] INFO drf_case.middleware - ğŸ“¡ GET /health/ from 127.0.0.1 took 0.25s
[2025-08-05 15:47:55,237] INFO drf_case.middleware - ğŸ“¡ GET /health/ from 127.0.0.1 took 0.26s
[2025-08-05 15:48:25,976] INFO drf_case.middleware - ğŸ“¡ GET /health/ from 127.0.0.1 took 0.26s
[2025-08-05 15:48:34,294] INFO drf_case.middleware - ğŸ“¡ GET / from 172.18.0.7 took 0.25s
[2025-08-05 15:48:56,560] INFO drf_case.middleware - ğŸ“¡ GET /health/ from 172.18.0.7 took 0.26s
[2025-08-05 15:48:56,743] INFO drf_case.middleware - ğŸ“¡ GET /health/ from 127.0.0.1 took 0.28s
[2025-08-05 15:49:10,485] ERROR django.request - Internal Server Error: /api/token/
Traceback (most recent call last):
  File "/usr/local/lib/python3.12/site-packages/django/db/backends/utils.py", line 105, in _execute
    return self.cursor.execute(sql, params)
           ^^^^^^^^^^^^^^^^^^^^^^^^^^^^^^^^
psycopg2.errors.UndefinedTable: relation "users_user" does not exist
LINE 1: ...", "users_user"."email", "users_user"."role" FROM "users_use...
                                                             ^


The above exception was the direct cause of the following exception:

Traceback (most recent call last):
  File "/usr/local/lib/python3.12/site-packages/django/core/handlers/exception.py", line 55, in inner
    response = get_response(request)
               ^^^^^^^^^^^^^^^^^^^^^
  File "/usr/local/lib/python3.12/site-packages/django/core/handlers/base.py", line 197, in _get_response
    response = wrapped_callback(request, *callback_args, **callback_kwargs)
               ^^^^^^^^^^^^^^^^^^^^^^^^^^^^^^^^^^^^^^^^^^^^^^^^^^^^^^^^^^^^
  File "/usr/local/lib/python3.12/site-packages/django/views/decorators/csrf.py", line 65, in _view_wrapper
    return view_func(request, *args, **kwargs)
           ^^^^^^^^^^^^^^^^^^^^^^^^^^^^^^^^^^^
  File "/usr/local/lib/python3.12/site-packages/django/views/generic/base.py", line 105, in view
    return self.dispatch(request, *args, **kwargs)
           ^^^^^^^^^^^^^^^^^^^^^^^^^^^^^^^^^^^^^^^
  File "/usr/local/lib/python3.12/site-packages/rest_framework/views.py", line 515, in dispatch
    response = self.handle_exception(exc)
               ^^^^^^^^^^^^^^^^^^^^^^^^^^
  File "/usr/local/lib/python3.12/site-packages/rest_framework/views.py", line 475, in handle_exception
    self.raise_uncaught_exception(exc)
  File "/usr/local/lib/python3.12/site-packages/rest_framework/views.py", line 486, in raise_uncaught_exception
    raise exc
  File "/usr/local/lib/python3.12/site-packages/rest_framework/views.py", line 512, in dispatch
    response = handler(request, *args, **kwargs)
               ^^^^^^^^^^^^^^^^^^^^^^^^^^^^^^^^^
  File "/usr/local/lib/python3.12/site-packages/rest_framework_simplejwt/views.py", line 46, in post
    serializer.is_valid(raise_exception=True)
  File "/usr/local/lib/python3.12/site-packages/rest_framework/serializers.py", line 225, in is_valid
    self._validated_data = self.run_validation(self.initial_data)
                           ^^^^^^^^^^^^^^^^^^^^^^^^^^^^^^^^^^^^^^
  File "/usr/local/lib/python3.12/site-packages/rest_framework/serializers.py", line 447, in run_validation
    value = self.validate(value)
            ^^^^^^^^^^^^^^^^^^^^
  File "/usr/local/lib/python3.12/site-packages/rest_framework_simplejwt/serializers.py", line 73, in validate
    data = super().validate(attrs)
           ^^^^^^^^^^^^^^^^^^^^^^^
  File "/usr/local/lib/python3.12/site-packages/rest_framework_simplejwt/serializers.py", line 54, in validate
    self.user = authenticate(**authenticate_kwargs)
                ^^^^^^^^^^^^^^^^^^^^^^^^^^^^^^^^^^^
  File "/usr/local/lib/python3.12/site-packages/django/views/decorators/debug.py", line 75, in sensitive_variables_wrapper
    return func(*func_args, **func_kwargs)
           ^^^^^^^^^^^^^^^^^^^^^^^^^^^^^^^
  File "/usr/local/lib/python3.12/site-packages/django/contrib/auth/__init__.py", line 114, in authenticate
    user = backend.authenticate(request, **credentials)
           ^^^^^^^^^^^^^^^^^^^^^^^^^^^^^^^^^^^^^^^^^^^^
  File "/usr/local/lib/python3.12/site-packages/django/contrib/auth/backends.py", line 65, in authenticate
    user = UserModel._default_manager.get_by_natural_key(username)
           ^^^^^^^^^^^^^^^^^^^^^^^^^^^^^^^^^^^^^^^^^^^^^^^^^^^^^^^
  File "/usr/local/lib/python3.12/site-packages/django/contrib/auth/base_user.py", line 37, in get_by_natural_key
    return self.get(**{self.model.USERNAME_FIELD: username})
           ^^^^^^^^^^^^^^^^^^^^^^^^^^^^^^^^^^^^^^^^^^^^^^^^^
  File "/usr/local/lib/python3.12/site-packages/django/db/models/manager.py", line 87, in manager_method
    return getattr(self.get_queryset(), name)(*args, **kwargs)
           ^^^^^^^^^^^^^^^^^^^^^^^^^^^^^^^^^^^^^^^^^^^^^^^^^^^
  File "/usr/local/lib/python3.12/site-packages/django/db/models/query.py", line 629, in get
    num = len(clone)
          ^^^^^^^^^^
  File "/usr/local/lib/python3.12/site-packages/django/db/models/query.py", line 366, in __len__
    self._fetch_all()
  File "/usr/local/lib/python3.12/site-packages/django/db/models/query.py", line 1949, in _fetch_all
    self._result_cache = list(self._iterable_class(self))
                         ^^^^^^^^^^^^^^^^^^^^^^^^^^^^^^^^
  File "/usr/local/lib/python3.12/site-packages/django/db/models/query.py", line 91, in __iter__
    results = compiler.execute_sql(
              ^^^^^^^^^^^^^^^^^^^^^
  File "/usr/local/lib/python3.12/site-packages/django/db/models/sql/compiler.py", line 1623, in execute_sql
    cursor.execute(sql, params)
  File "/usr/local/lib/python3.12/site-packages/django/db/backends/utils.py", line 122, in execute
    return super().execute(sql, params)
           ^^^^^^^^^^^^^^^^^^^^^^^^^^^^
  File "/usr/local/lib/python3.12/site-packages/django/db/backends/utils.py", line 79, in execute
    return self._execute_with_wrappers(
           ^^^^^^^^^^^^^^^^^^^^^^^^^^^^
  File "/usr/local/lib/python3.12/site-packages/django/db/backends/utils.py", line 92, in _execute_with_wrappers
    return executor(sql, params, many, context)
           ^^^^^^^^^^^^^^^^^^^^^^^^^^^^^^^^^^^^
  File "/usr/local/lib/python3.12/site-packages/django/db/backends/utils.py", line 100, in _execute
    with self.db.wrap_database_errors:
         ^^^^^^^^^^^^^^^^^^^^^^^^^^^^
  File "/usr/local/lib/python3.12/site-packages/django/db/utils.py", line 91, in __exit__
    raise dj_exc_value.with_traceback(traceback) from exc_value
  File "/usr/local/lib/python3.12/site-packages/django/db/backends/utils.py", line 105, in _execute
    return self.cursor.execute(sql, params)
           ^^^^^^^^^^^^^^^^^^^^^^^^^^^^^^^^
django.db.utils.ProgrammingError: relation "users_user" does not exist
LINE 1: ...", "users_user"."email", "users_user"."role" FROM "users_use...
                                                             ^

[2025-08-05 15:49:10,489] INFO drf_case.middleware - ğŸ“¡ POST /api/token/ from 172.18.0.7 took 0.36s
[2025-08-05 15:49:27,543] INFO drf_case.middleware - ğŸ“¡ GET /health/ from 127.0.0.1 took 0.29s
[2025-08-05 15:49:58,028] INFO drf_case.middleware - ğŸ“¡ GET /health/ from 127.0.0.1 took 0.00s
[2025-08-05 15:50:28,807] INFO drf_case.middleware - ğŸ“¡ GET /health/ from 127.0.0.1 took 0.28s
[2025-08-05 15:50:40,003] INFO drf_case.middleware - ğŸ“¡ POST /api/token/ from 172.18.0.7 took 0.54s
[2025-08-05 15:50:40,004] WARNING django.request - Unauthorized: /api/token/
[2025-08-05 15:50:59,578] INFO drf_case.middleware - ğŸ“¡ GET /health/ from 127.0.0.1 took 0.27s
[2025-08-05 15:51:30,086] INFO drf_case.middleware - ğŸ“¡ GET /health/ from 127.0.0.1 took 0.00s
[2025-08-05 15:51:53,887] INFO drf_case.middleware - ğŸ“¡ GET / from 172.18.0.7 took 0.27s
[2025-08-05 15:53:41,655] INFO drf_case.middleware - ğŸ“¡ GET /health/ from 127.0.0.1 took 0.26s
[2025-08-05 15:54:12,422] INFO drf_case.middleware - ğŸ“¡ GET /health/ from 127.0.0.1 took 0.27s
[2025-08-05 15:54:31,835] INFO drf_case.middleware - ğŸ“¡ POST /api/token/ from 172.18.0.7 took 0.58s
[2025-08-05 15:54:43,204] INFO drf_case.middleware - ğŸ“¡ GET /health/ from 127.0.0.1 took 0.27s
[2025-08-05 15:55:13,990] INFO drf_case.middleware - ğŸ“¡ GET /health/ from 127.0.0.1 took 0.29s
[2025-08-05 15:55:44,749] INFO drf_case.middleware - ğŸ“¡ GET /health/ from 127.0.0.1 took 0.27s
[2025-08-05 15:56:15,553] INFO drf_case.middleware - ğŸ“¡ GET /health/ from 127.0.0.1 took 0.29s
[2025-08-05 15:56:46,408] INFO drf_case.middleware - ğŸ“¡ GET /health/ from 127.0.0.1 took 0.29s
[2025-08-05 15:56:57,400] INFO drf_case.middleware - ğŸ“¡ GET / from 172.18.0.7 took 0.28s
[2025-08-05 15:57:17,165] INFO drf_case.middleware - ğŸ“¡ GET /health/ from 127.0.0.1 took 0.27s
[2025-08-05 15:57:47,933] INFO drf_case.middleware - ğŸ“¡ GET /health/ from 127.0.0.1 took 0.26s
[2025-08-05 15:58:11,975] INFO drf_case.middleware - ğŸ“¡ GET / from 172.18.0.7 took 0.27s
[2025-08-05 15:58:18,738] INFO drf_case.middleware - ğŸ“¡ GET /health/ from 127.0.0.1 took 0.27s
[2025-08-05 15:58:49,504] INFO drf_case.middleware - ğŸ“¡ GET /health/ from 127.0.0.1 took 0.27s
[2025-08-05 15:59:20,293] INFO drf_case.middleware - ğŸ“¡ GET /health/ from 127.0.0.1 took 0.28s
[2025-08-05 15:59:50,801] INFO drf_case.middleware - ğŸ“¡ GET /health/ from 127.0.0.1 took 0.00s
[2025-08-05 16:00:21,591] INFO drf_case.middleware - ğŸ“¡ GET /health/ from 127.0.0.1 took 0.28s
[2025-08-05 16:00:24,382] INFO drf_case.middleware - ğŸ“¡ GET /login.rsp from 172.18.0.7 took 0.01s
[2025-08-05 16:00:24,383] WARNING django.request - Not Found: /login.rsp
[2025-08-05 16:00:52,106] INFO drf_case.middleware - ğŸ“¡ GET /health/ from 127.0.0.1 took 0.00s
[2025-08-05 16:00:59,484] INFO drf_case.middleware - ğŸ“¡ POST /api/token/ from 172.18.0.7 took 0.56s
[2025-08-05 16:01:02,776] INFO drf_case.middleware - ğŸ“¡ POST /api/token/ from 172.18.0.7 took 0.54s
[2025-08-05 16:01:22,881] INFO drf_case.middleware - ğŸ“¡ GET /health/ from 127.0.0.1 took 0.29s
[2025-08-05 16:07:29,892] INFO drf_case.middleware - ğŸ“¡ GET /health/ from 127.0.0.1 took 0.28s
[2025-08-05 16:07:51,657] INFO drf_case.middleware - ğŸ“¡ GET /health/ from 172.18.0.7 took 0.29s
[2025-08-05 16:07:59,190] INFO drf_case.middleware - ğŸ“¡ POST /api/token/ from 172.18.0.7 took 0.57s
[2025-08-05 16:07:59,524] INFO flights.views - ğŸ“¦ DB'den alÄ±ndÄ± ve cache'e yazÄ±ldÄ±.
[2025-08-05 16:07:59,525] INFO drf_case.middleware - ğŸ“¡ GET /api/flights/ from 172.18.0.7 took 0.32s
[2025-08-05 16:07:59,531] INFO flights.views - âœ… Cache'ten alÄ±ndÄ±.
[2025-08-05 16:07:59,532] INFO drf_case.middleware - ğŸ“¡ GET /api/flights/ from 172.18.0.7 took 0.00s
[2025-08-05 16:08:00,683] INFO drf_case.middleware - ğŸ“¡ GET /health/ from 127.0.0.1 took 0.29s
[2025-08-05 16:08:31,456] INFO drf_case.middleware - ğŸ“¡ GET /health/ from 127.0.0.1 took 0.27s
[2025-08-05 16:09:02,243] INFO drf_case.middleware - ğŸ“¡ GET /health/ from 127.0.0.1 took 0.28s
[2025-08-05 16:09:13,706] INFO flights.views - âœ… Cache'ten alÄ±ndÄ±.
[2025-08-05 16:09:13,707] INFO drf_case.middleware - ğŸ“¡ GET /api/flights/ from 172.18.0.7 took 0.35s
[2025-08-05 16:09:14,079] INFO flights.views - âœ… Cache'ten alÄ±ndÄ±.
[2025-08-05 16:09:14,080] INFO drf_case.middleware - ğŸ“¡ GET /api/flights/ from 172.18.0.7 took 0.36s
[2025-08-05 16:09:33,016] INFO drf_case.middleware - ğŸ“¡ GET /health/ from 127.0.0.1 took 0.28s
[2025-08-05 16:09:45,239] INFO drf_case.middleware - ğŸ“¡ POST /api/token/ from 172.18.0.7 took 0.54s
[2025-08-05 16:09:45,576] INFO flights.views - âœ… Cache'ten alÄ±ndÄ±.
[2025-08-05 16:09:45,576] INFO drf_case.middleware - ğŸ“¡ GET /api/flights/ from 172.18.0.7 took 0.33s
[2025-08-05 16:09:45,583] INFO flights.views - âœ… Cache'ten alÄ±ndÄ±.
[2025-08-05 16:09:45,583] INFO drf_case.middleware - ğŸ“¡ GET /api/flights/ from 172.18.0.7 took 0.00s
[2025-08-05 16:10:03,777] INFO drf_case.middleware - ğŸ“¡ GET /health/ from 127.0.0.1 took 0.27s
[2025-08-05 16:10:34,276] INFO drf_case.middleware - ğŸ“¡ GET /health/ from 127.0.0.1 took 0.00s
[2025-08-05 16:11:04,799] INFO drf_case.middleware - ğŸ“¡ GET /health/ from 127.0.0.1 took 0.00s
[2025-08-05 16:11:35,552] INFO drf_case.middleware - ğŸ“¡ GET /health/ from 127.0.0.1 took 0.26s
[2025-08-05 16:21:19,762] INFO drf_case.middleware - ğŸ“¡ GET /health/ from 127.0.0.1 took 0.33s
[2025-08-05 16:21:50,577] INFO drf_case.middleware - ğŸ“¡ GET /health/ from 127.0.0.1 took 0.29s
[2025-08-05 16:21:51,419] INFO drf_case.middleware - ğŸ“¡ GET /health/ from 172.18.0.8 took 0.29s
[2025-08-05 16:22:21,136] INFO drf_case.middleware - ğŸ“¡ GET / from 172.18.0.8 took 0.31s
[2025-08-05 16:22:21,421] INFO drf_case.middleware - ğŸ“¡ GET /health/ from 127.0.0.1 took 0.32s
[2025-08-05 16:22:39,646] INFO drf_case.middleware - ğŸ“¡ GET /api/flights/ from 172.18.0.8 took 0.39s
[2025-08-05 16:22:39,648] WARNING django.request - Unauthorized: /api/flights/
[2025-08-05 16:22:40,008] INFO drf_case.middleware - ğŸ“¡ GET /api/flights/ from 172.18.0.8 took 0.35s
[2025-08-05 16:22:40,009] WARNING django.request - Unauthorized: /api/flights/
[2025-08-05 16:22:52,306] INFO drf_case.middleware - ğŸ“¡ GET /health/ from 127.0.0.1 took 0.34s
[2025-08-05 16:23:12,932] INFO drf_case.middleware - ğŸ“¡ POST /api/token/ from 172.18.0.8 took 0.28s
[2025-08-05 16:23:12,988] INFO flights.views - ğŸ“¦ DB'den alÄ±ndÄ± ve cache'e yazÄ±ldÄ±.
[2025-08-05 16:23:12,989] INFO drf_case.middleware - ğŸ“¡ GET /api/flights/ from 172.18.0.8 took 0.05s
[2025-08-05 16:23:13,054] INFO flights.views - âœ… Cache'ten alÄ±ndÄ±.
[2025-08-05 16:23:13,055] INFO drf_case.middleware - ğŸ“¡ GET /api/flights/ from 172.18.0.8 took 0.06s
[2025-08-05 16:23:23,061] INFO drf_case.middleware - ğŸ“¡ GET /health/ from 127.0.0.1 took 0.26s
[2025-08-05 16:23:53,889] INFO drf_case.middleware - ğŸ“¡ GET /health/ from 127.0.0.1 took 0.31s
[2025-08-05 16:24:24,687] INFO drf_case.middleware - ğŸ“¡ GET /health/ from 127.0.0.1 took 0.27s
[2025-08-05 16:51:08,073] INFO drf_case.middleware - ğŸ“¡ GET /health/ from 127.0.0.1 took 0.31s
[2025-08-05 16:51:38,899] INFO drf_case.middleware - ğŸ“¡ GET /health/ from 127.0.0.1 took 0.30s
[2025-08-05 16:52:09,676] INFO drf_case.middleware - ğŸ“¡ GET /health/ from 127.0.0.1 took 0.26s
[2025-08-05 16:52:40,500] INFO drf_case.middleware - ğŸ“¡ GET /health/ from 127.0.0.1 took 0.31s
[2025-08-05 16:53:11,293] INFO drf_case.middleware - ğŸ“¡ GET /health/ from 127.0.0.1 took 0.28s
[2025-08-05 16:53:42,085] INFO drf_case.middleware - ğŸ“¡ GET /health/ from 127.0.0.1 took 0.28s
[2025-08-05 16:54:12,593] INFO drf_case.middleware - ğŸ“¡ GET /health/ from 127.0.0.1 took 0.00s
[2025-08-05 16:54:17,656] INFO drf_case.middleware - ğŸ“¡ POST /device.rsp from 172.18.0.8 took 0.01s
[2025-08-05 16:54:17,657] WARNING django.request - Not Found: /device.rsp
[2025-08-05 16:54:43,378] INFO drf_case.middleware - ğŸ“¡ GET /health/ from 127.0.0.1 took 0.28s
[2025-08-05 16:54:56,228] INFO drf_case.middleware - ğŸ“¡ GET / from 172.18.0.8 took 0.00s
[2025-08-05 16:55:14,166] INFO drf_case.middleware - ğŸ“¡ GET /health/ from 127.0.0.1 took 0.28s
[2025-08-05 16:55:44,952] INFO drf_case.middleware - ğŸ“¡ GET /health/ from 127.0.0.1 took 0.27s
[2025-08-05 16:55:54,481] INFO drf_case.middleware - ğŸ“¡ GET / from 172.18.0.8 took 0.39s
[2025-08-05 16:56:15,477] INFO drf_case.middleware - ğŸ“¡ GET /health/ from 127.0.0.1 took 0.00s
[2025-08-05 16:56:46,291] INFO drf_case.middleware - ğŸ“¡ GET /health/ from 127.0.0.1 took 0.28s
[2025-08-05 16:57:16,816] INFO drf_case.middleware - ğŸ“¡ GET /health/ from 127.0.0.1 took 0.00s
[2025-08-05 16:58:41,017] INFO drf_case.middleware - ğŸ“¡ GET /health/ from 127.0.0.1 took 0.30s
[2025-08-05 16:58:50,474] INFO drf_case.middleware - ğŸ“¡ GET /health/ from 172.18.0.8 took 0.29s
[2025-08-05 16:58:56,790] INFO drf_case.middleware - ğŸ“¡ POST /api/token/ from 127.0.0.1 took 0.28s
[2025-08-05 16:58:56,791] WARNING django.request - Unauthorized: /api/token/
[2025-08-05 16:58:57,353] INFO drf_case.middleware - ğŸ“¡ POST /api/token/ from 127.0.0.1 took 0.29s
[2025-08-05 16:58:57,904] INFO drf_case.middleware - ğŸ“¡ POST /api/token/ from 127.0.0.1 took 0.27s
[2025-08-05 16:58:57,907] INFO drf_case.middleware - ğŸ“¡ POST /api/token/refresh/ from 127.0.0.1 took 0.00s
[2025-08-05 16:58:58,500] INFO drf_case.middleware - ğŸ“¡ POST /api/users/register/ from 127.0.0.1 took 0.31s
[2025-08-05 16:58:58,785] INFO drf_case.middleware - ğŸ“¡ POST /api/users/register/ from 127.0.0.1 took 0.28s
[2025-08-05 16:58:59,065] INFO drf_case.middleware - ğŸ“¡ POST /api/users/register/ from 127.0.0.1 took 0.28s
[2025-08-05 16:58:59,340] INFO drf_case.middleware - ğŸ“¡ POST /api/users/register/ from 127.0.0.1 took 0.27s
[2025-08-05 16:59:11,565] INFO drf_case.middleware - ğŸ“¡ GET /health/ from 127.0.0.1 took 0.00s
[2025-08-05 16:59:42,448] INFO drf_case.middleware - ğŸ“¡ GET /health/ from 127.0.0.1 took 0.31s
[2025-08-05 17:00:13,228] INFO drf_case.middleware - ğŸ“¡ GET /health/ from 127.0.0.1 took 0.28s
[2025-08-05 17:00:44,013] INFO drf_case.middleware - ğŸ“¡ GET /health/ from 127.0.0.1 took 0.27s
[2025-08-05 17:01:14,570] INFO drf_case.middleware - ğŸ“¡ GET /health/ from 127.0.0.1 took 0.00s
[2025-08-05 17:01:45,092] INFO drf_case.middleware - ğŸ“¡ GET /health/ from 127.0.0.1 took 0.00s
[2025-08-05 17:02:15,659] INFO drf_case.middleware - ğŸ“¡ GET /health/ from 127.0.0.1 took 0.00s
[2025-08-05 17:02:46,555] INFO drf_case.middleware - ğŸ“¡ GET /health/ from 127.0.0.1 took 0.33s
[2025-08-05 17:03:17,359] INFO drf_case.middleware - ğŸ“¡ GET /health/ from 127.0.0.1 took 0.28s
[2025-08-05 17:03:48,208] INFO drf_case.middleware - ğŸ“¡ GET /health/ from 127.0.0.1 took 0.30s
[2025-08-05 17:04:12,933] INFO drf_case.middleware - ğŸ“¡ GET / from 172.18.0.8 took 0.27s
[2025-08-05 17:04:19,013] INFO drf_case.middleware - ğŸ“¡ GET /health/ from 127.0.0.1 took 0.29s
[2025-08-05 17:04:49,589] INFO drf_case.middleware - ğŸ“¡ GET /health/ from 127.0.0.1 took 0.00s
[2025-08-05 17:05:20,416] INFO drf_case.middleware - ğŸ“¡ GET /health/ from 127.0.0.1 took 0.29s
[2025-08-05 17:08:43,837] INFO drf_case.middleware - ğŸ“¡ GET /health/ from 127.0.0.1 took 0.31s
[2025-08-05 17:09:14,666] INFO drf_case.middleware - ğŸ“¡ GET /health/ from 127.0.0.1 took 0.29s
[2025-08-05 17:09:45,456] INFO drf_case.middleware - ğŸ“¡ GET /health/ from 127.0.0.1 took 0.27s
[2025-08-05 17:10:13,092] INFO drf_case.middleware - ğŸ“¡ POST /api/token/ from 127.0.0.1 took 0.27s
[2025-08-05 17:10:13,093] WARNING django.request - Unauthorized: /api/token/
[2025-08-05 17:10:13,648] INFO drf_case.middleware - ğŸ“¡ POST /api/token/ from 127.0.0.1 took 0.28s
[2025-08-05 17:10:14,190] INFO drf_case.middleware - ğŸ“¡ POST /api/token/ from 127.0.0.1 took 0.27s
[2025-08-05 17:10:14,194] INFO drf_case.middleware - ğŸ“¡ POST /api/token/refresh/ from 127.0.0.1 took 0.00s
[2025-08-05 17:10:14,776] INFO drf_case.middleware - ğŸ“¡ POST /api/users/register/ from 127.0.0.1 took 0.31s
[2025-08-05 17:10:15,053] INFO drf_case.middleware - ğŸ“¡ POST /api/users/register/ from 127.0.0.1 took 0.27s
[2025-08-05 17:10:15,325] INFO drf_case.middleware - ğŸ“¡ POST /api/users/register/ from 127.0.0.1 took 0.27s
[2025-08-05 17:10:15,599] INFO drf_case.middleware - ğŸ“¡ POST /api/users/register/ from 127.0.0.1 took 0.27s
[2025-08-05 17:10:15,992] INFO drf_case.middleware - ğŸ“¡ GET /health/ from 127.0.0.1 took 0.00s
[2025-08-05 17:10:22,720] INFO drf_case.middleware - ğŸ“¡ POST /api/token/ from 127.0.0.1 took 0.27s
[2025-08-05 17:10:22,726] INFO flights.views - Yeni uÃ§uÅŸ oluÅŸturuldu: TK9999 - Ä°zmir â†’ Madrid
[2025-08-05 17:10:22,729] INFO drf_case.middleware - ğŸ“¡ POST /api/flights/ from 127.0.0.1 took 0.01s
[2025-08-05 17:10:23,814] INFO drf_case.middleware - ğŸ“¡ POST /api/token/ from 127.0.0.1 took 0.27s
[2025-08-05 17:10:23,818] INFO flights.views - Yeni uÃ§uÅŸ oluÅŸturuldu: TK8888 - Antalya â†’ Rome
[2025-08-05 17:10:23,820] INFO drf_case.middleware - ğŸ“¡ POST /api/flights/ from 127.0.0.1 took 0.00s
[2025-08-05 17:10:24,925] INFO drf_case.middleware - ğŸ“¡ POST /api/token/ from 127.0.0.1 took 0.27s
[2025-08-05 17:10:24,930] INFO flights.views - Yeni uÃ§uÅŸ oluÅŸturuldu: TK7777 - Ankara â†’ Vienna
[2025-08-05 17:10:24,931] INFO drf_case.middleware - ğŸ“¡ POST /api/flights/ from 127.0.0.1 took 0.01s
[2025-08-05 17:10:26,012] INFO drf_case.middleware - ğŸ“¡ POST /api/token/ from 127.0.0.1 took 0.27s
[2025-08-05 17:10:26,018] INFO flights.views - UÃ§uÅŸ silindi: TK0000 - Test Origin â†’ Test Destination
[2025-08-05 17:10:26,021] INFO drf_case.middleware - ğŸ“¡ DELETE /api/flights/16/ from 127.0.0.1 took 0.01s
[2025-08-05 17:10:27,107] INFO drf_case.middleware - ğŸ“¡ POST /api/token/ from 127.0.0.1 took 0.27s
[2025-08-05 17:10:27,113] INFO drf_case.middleware - ğŸ“¡ GET /api/flights/17/ from 127.0.0.1 took 0.00s
[2025-08-05 17:10:28,195] INFO drf_case.middleware - ğŸ“¡ POST /api/token/ from 127.0.0.1 took 0.27s
[2025-08-05 17:10:28,197] INFO flights.views - ğŸ” Filtreleme/sayfalama var, doÄŸrudan DB'den Ã§ekiliyor
[2025-08-05 17:10:28,204] INFO drf_case.middleware - ğŸ“¡ GET /api/flights/ from 127.0.0.1 took 0.01s
[2025-08-05 17:10:29,287] INFO drf_case.middleware - ğŸ“¡ POST /api/token/ from 127.0.0.1 took 0.27s
[2025-08-05 17:10:29,290] INFO flights.views - ğŸ” Filtreleme/sayfalama var, doÄŸrudan DB'den Ã§ekiliyor
[2025-08-05 17:10:29,294] INFO drf_case.middleware - ğŸ“¡ GET /api/flights/ from 127.0.0.1 took 0.01s
[2025-08-05 17:10:30,373] INFO drf_case.middleware - ğŸ“¡ POST /api/token/ from 127.0.0.1 took 0.27s
[2025-08-05 17:10:30,376] INFO flights.views - ğŸ” Filtreleme/sayfalama var, doÄŸrudan DB'den Ã§ekiliyor
[2025-08-05 17:10:30,380] INFO drf_case.middleware - ğŸ“¡ GET /api/flights/ from 127.0.0.1 took 0.01s
[2025-08-05 17:10:31,466] INFO drf_case.middleware - ğŸ“¡ POST /api/token/ from 127.0.0.1 took 0.27s
[2025-08-05 17:10:31,470] INFO flights.views - ğŸ“¦ DB'den alÄ±ndÄ± ve cache'e yazÄ±ldÄ±.
[2025-08-05 17:10:31,471] INFO drf_case.middleware - ğŸ“¡ GET /api/flights/ from 127.0.0.1 took 0.00s
[2025-08-05 17:10:32,295] INFO drf_case.middleware - ğŸ“¡ GET /api/flights/ from 127.0.0.1 took 0.00s
[2025-08-05 17:10:32,295] WARNING django.request - Unauthorized: /api/flights/
[2025-08-05 17:10:33,391] INFO drf_case.middleware - ğŸ“¡ POST /api/token/ from 127.0.0.1 took 0.27s
[2025-08-05 17:10:33,394] INFO flights.views - ğŸ” Filtreleme/sayfalama var, doÄŸrudan DB'den Ã§ekiliyor
[2025-08-05 17:10:33,399] INFO drf_case.middleware - ğŸ“¡ GET /api/flights/ from 127.0.0.1 took 0.01s
[2025-08-05 17:10:34,483] INFO drf_case.middleware - ğŸ“¡ POST /api/token/ from 127.0.0.1 took 0.28s
[2025-08-05 17:10:34,524] INFO flights.views - UÃ§uÅŸ gÃ¼ncellendi: TK1234 - Ankara â†’ Berlin
[2025-08-05 17:10:34,526] INFO drf_case.middleware - ğŸ“¡ PUT /api/flights/38/ from 127.0.0.1 took 0.04s
[2025-08-05 17:10:35,646] INFO drf_case.middleware - ğŸ“¡ POST /api/token/ from 127.0.0.1 took 0.27s
[2025-08-05 17:10:35,655] INFO drf_case.middleware - ğŸ“¡ GET /api/flights/41/ from 127.0.0.1 took 0.00s
[2025-08-05 17:10:36,809] INFO drf_case.middleware - ğŸ“¡ POST /api/token/ from 127.0.0.1 took 0.27s
[2025-08-05 17:10:36,813] INFO drf_case.middleware - ğŸ“¡ POST /api/crew/ from 127.0.0.1 took 0.00s
[2025-08-05 17:10:37,898] INFO drf_case.middleware - ğŸ“¡ POST /api/token/ from 127.0.0.1 took 0.27s
[2025-08-05 17:10:37,902] INFO drf_case.middleware - ğŸ“¡ POST /api/crew/ from 127.0.0.1 took 0.00s
[2025-08-05 17:10:38,987] INFO drf_case.middleware - ğŸ“¡ POST /api/token/ from 127.0.0.1 took 0.27s
[2025-08-05 17:10:38,993] INFO drf_case.middleware - ğŸ“¡ DELETE /api/crew/11/ from 127.0.0.1 took 0.00s
[2025-08-05 17:10:40,093] INFO drf_case.middleware - ğŸ“¡ POST /api/token/ from 127.0.0.1 took 0.27s
[2025-08-05 17:10:40,099] INFO drf_case.middleware - ğŸ“¡ GET /api/crew/12/ from 127.0.0.1 took 0.00s
[2025-08-05 17:10:41,215] INFO drf_case.middleware - ğŸ“¡ POST /api/token/ from 127.0.0.1 took 0.28s
[2025-08-05 17:10:41,221] INFO drf_case.middleware - ğŸ“¡ GET /api/crew/ from 127.0.0.1 took 0.01s
[2025-08-05 17:10:42,344] INFO drf_case.middleware - ğŸ“¡ POST /api/token/ from 127.0.0.1 took 0.28s
[2025-08-05 17:10:42,350] INFO drf_case.middleware - ğŸ“¡ GET /api/crew/ from 127.0.0.1 took 0.00s
[2025-08-05 17:10:43,445] INFO drf_case.middleware - ğŸ“¡ POST /api/token/ from 127.0.0.1 took 0.27s
[2025-08-05 17:10:43,451] INFO drf_case.middleware - ğŸ“¡ GET /api/crew/ from 127.0.0.1 took 0.00s
[2025-08-05 17:10:44,271] INFO drf_case.middleware - ğŸ“¡ GET /api/crew/ from 127.0.0.1 took 0.00s
[2025-08-05 17:10:44,272] WARNING django.request - Unauthorized: /api/crew/
[2025-08-05 17:10:45,378] INFO drf_case.middleware - ğŸ“¡ POST /api/token/ from 127.0.0.1 took 0.28s
[2025-08-05 17:10:45,382] INFO drf_case.middleware - ğŸ“¡ POST /api/crew/ from 127.0.0.1 took 0.00s
[2025-08-05 17:10:45,383] WARNING django.request - Bad Request: /api/crew/
[2025-08-05 17:10:46,488] INFO drf_case.middleware - ğŸ“¡ POST /api/token/ from 127.0.0.1 took 0.28s
[2025-08-05 17:10:46,494] INFO drf_case.middleware - ğŸ“¡ PUT /api/crew/24/ from 127.0.0.1 took 0.00s
[2025-08-05 17:10:46,529] INFO drf_case.middleware - ğŸ“¡ GET /health/ from 127.0.0.1 took 0.00s
[2025-08-05 17:11:17,095] INFO drf_case.middleware - ğŸ“¡ GET /health/ from 127.0.0.1 took 0.00s
[2025-08-05 17:11:47,884] INFO drf_case.middleware - ğŸ“¡ GET /health/ from 127.0.0.1 took 0.27s
[2025-08-05 17:12:18,732] INFO drf_case.middleware - ğŸ“¡ GET /health/ from 127.0.0.1 took 0.30s
[2025-08-05 17:12:41,097] INFO drf_case.middleware - ğŸ“¡ GET / from 172.18.0.8 took 0.27s
[2025-08-05 17:12:49,579] INFO drf_case.middleware - ğŸ“¡ GET /health/ from 127.0.0.1 took 0.31s
[2025-08-05 17:12:51,037] INFO drf_case.middleware - ğŸ“¡ POST /api/token/ from 127.0.0.1 took 0.28s
[2025-08-05 17:12:51,045] INFO flights.views - Yeni uÃ§uÅŸ oluÅŸturuldu: TK9999 - Ä°zmir â†’ Madrid
[2025-08-05 17:12:51,047] INFO drf_case.middleware - ğŸ“¡ POST /api/flights/ from 127.0.0.1 took 0.01s
[2025-08-05 17:12:52,127] INFO drf_case.middleware - ğŸ“¡ POST /api/token/ from 127.0.0.1 took 0.27s
[2025-08-05 17:12:52,132] INFO flights.views - Yeni uÃ§uÅŸ oluÅŸturuldu: TK8888 - Antalya â†’ Rome
[2025-08-05 17:12:52,133] INFO drf_case.middleware - ğŸ“¡ POST /api/flights/ from 127.0.0.1 took 0.00s
[2025-08-05 17:12:53,208] INFO drf_case.middleware - ğŸ“¡ POST /api/token/ from 127.0.0.1 took 0.27s
[2025-08-05 17:12:53,212] INFO flights.views - Yeni uÃ§uÅŸ oluÅŸturuldu: TK7777 - Ankara â†’ Vienna
[2025-08-05 17:12:53,213] INFO drf_case.middleware - ğŸ“¡ POST /api/flights/ from 127.0.0.1 took 0.00s
[2025-08-05 17:12:54,287] INFO drf_case.middleware - ğŸ“¡ POST /api/token/ from 127.0.0.1 took 0.27s
[2025-08-05 17:12:54,294] INFO flights.views - UÃ§uÅŸ silindi: TK0000 - Test Origin â†’ Test Destination
[2025-08-05 17:12:54,297] INFO drf_case.middleware - ğŸ“¡ DELETE /api/flights/16/ from 127.0.0.1 took 0.01s
[2025-08-05 17:12:55,375] INFO drf_case.middleware - ğŸ“¡ POST /api/token/ from 127.0.0.1 took 0.27s
[2025-08-05 17:12:55,380] INFO drf_case.middleware - ğŸ“¡ GET /api/flights/17/ from 127.0.0.1 took 0.00s
[2025-08-05 17:12:56,481] INFO drf_case.middleware - ğŸ“¡ POST /api/token/ from 127.0.0.1 took 0.28s
[2025-08-05 17:12:56,484] INFO flights.views - ğŸ” Filtreleme/sayfalama var, doÄŸrudan DB'den Ã§ekiliyor
[2025-08-05 17:12:56,489] INFO drf_case.middleware - ğŸ“¡ GET /api/flights/ from 127.0.0.1 took 0.01s
[2025-08-05 17:12:57,578] INFO drf_case.middleware - ğŸ“¡ POST /api/token/ from 127.0.0.1 took 0.27s
[2025-08-05 17:12:57,580] INFO flights.views - ğŸ” Filtreleme/sayfalama var, doÄŸrudan DB'den Ã§ekiliyor
[2025-08-05 17:12:57,585] INFO drf_case.middleware - ğŸ“¡ GET /api/flights/ from 127.0.0.1 took 0.01s
[2025-08-05 17:12:58,664] INFO drf_case.middleware - ğŸ“¡ POST /api/token/ from 127.0.0.1 took 0.27s
[2025-08-05 17:12:58,667] INFO flights.views - ğŸ” Filtreleme/sayfalama var, doÄŸrudan DB'den Ã§ekiliyor
[2025-08-05 17:12:58,671] INFO drf_case.middleware - ğŸ“¡ GET /api/flights/ from 127.0.0.1 took 0.01s
[2025-08-05 17:12:59,753] INFO drf_case.middleware - ğŸ“¡ POST /api/token/ from 127.0.0.1 took 0.27s
[2025-08-05 17:12:59,756] INFO flights.views - ğŸ” Filtreleme/sayfalama var, doÄŸrudan DB'den Ã§ekiliyor
[2025-08-05 17:12:59,760] INFO drf_case.middleware - ğŸ“¡ GET /api/flights/ from 127.0.0.1 took 0.01s
[2025-08-05 17:13:00,846] INFO drf_case.middleware - ğŸ“¡ POST /api/token/ from 127.0.0.1 took 0.27s
[2025-08-05 17:13:00,851] INFO flights.views - ğŸ“¦ DB'den alÄ±ndÄ± ve cache'e yazÄ±ldÄ±.
[2025-08-05 17:13:00,851] INFO drf_case.middleware - ğŸ“¡ GET /api/flights/ from 127.0.0.1 took 0.00s
[2025-08-05 17:13:01,666] INFO drf_case.middleware - ğŸ“¡ GET /api/flights/ from 127.0.0.1 took 0.00s
[2025-08-05 17:13:01,667] WARNING django.request - Unauthorized: /api/flights/
[2025-08-05 17:13:02,743] INFO drf_case.middleware - ğŸ“¡ POST /api/token/ from 127.0.0.1 took 0.26s
[2025-08-05 17:13:02,745] INFO flights.views - ğŸ” Filtreleme/sayfalama var, doÄŸrudan DB'den Ã§ekiliyor
[2025-08-05 17:13:02,750] INFO drf_case.middleware - ğŸ“¡ GET /api/flights/ from 127.0.0.1 took 0.01s
[2025-08-05 17:13:03,831] INFO drf_case.middleware - ğŸ“¡ POST /api/token/ from 127.0.0.1 took 0.27s
[2025-08-05 17:13:03,871] INFO flights.views - UÃ§uÅŸ gÃ¼ncellendi: TK1234 - Ankara â†’ Berlin
[2025-08-05 17:13:03,872] INFO drf_case.middleware - ğŸ“¡ PUT /api/flights/41/ from 127.0.0.1 took 0.04s
[2025-08-05 17:13:04,949] INFO drf_case.middleware - ğŸ“¡ POST /api/token/ from 127.0.0.1 took 0.27s
[2025-08-05 17:13:04,956] INFO drf_case.middleware - ğŸ“¡ GET /api/flights/44/ from 127.0.0.1 took 0.00s
[2025-08-05 17:13:17,458] INFO drf_case.middleware - ğŸ“¡ GET / from 172.18.0.8 took 0.28s
[2025-08-05 17:13:20,406] INFO drf_case.middleware - ğŸ“¡ GET /health/ from 127.0.0.1 took 0.30s
[2025-08-05 17:13:50,959] INFO drf_case.middleware - ğŸ“¡ GET /health/ from 127.0.0.1 took 0.00s
[2025-08-05 17:14:13,886] INFO drf_case.middleware - ğŸ“¡ POST /api/token/ from 127.0.0.1 took 0.28s
[2025-08-05 17:14:13,892] INFO flights.views - Yeni uÃ§uÅŸ oluÅŸturuldu: TK9999 - Ä°zmir â†’ Madrid
[2025-08-05 17:14:13,894] INFO drf_case.middleware - ğŸ“¡ POST /api/flights/ from 127.0.0.1 took 0.01s
[2025-08-05 17:14:14,973] INFO drf_case.middleware - ğŸ“¡ POST /api/token/ from 127.0.0.1 took 0.27s
[2025-08-05 17:14:14,978] INFO flights.views - Yeni uÃ§uÅŸ oluÅŸturuldu: TK8888 - Antalya â†’ Rome
[2025-08-05 17:14:14,979] INFO drf_case.middleware - ğŸ“¡ POST /api/flights/ from 127.0.0.1 took 0.00s
[2025-08-05 17:14:16,062] INFO drf_case.middleware - ğŸ“¡ POST /api/token/ from 127.0.0.1 took 0.27s
[2025-08-05 17:14:16,067] INFO flights.views - Yeni uÃ§uÅŸ oluÅŸturuldu: TK7777 - Ankara â†’ Vienna
[2025-08-05 17:14:16,068] INFO drf_case.middleware - ğŸ“¡ POST /api/flights/ from 127.0.0.1 took 0.00s
[2025-08-05 17:14:17,143] INFO drf_case.middleware - ğŸ“¡ POST /api/token/ from 127.0.0.1 took 0.26s
[2025-08-05 17:14:17,150] INFO flights.views - UÃ§uÅŸ silindi: TK0000 - Test Origin â†’ Test Destination
[2025-08-05 17:14:17,153] INFO drf_case.middleware - ğŸ“¡ DELETE /api/flights/16/ from 127.0.0.1 took 0.01s
[2025-08-05 17:14:18,247] INFO drf_case.middleware - ğŸ“¡ POST /api/token/ from 127.0.0.1 took 0.26s
[2025-08-05 17:14:18,252] INFO drf_case.middleware - ğŸ“¡ GET /api/flights/17/ from 127.0.0.1 took 0.00s
[2025-08-05 17:14:19,350] INFO drf_case.middleware - ğŸ“¡ POST /api/token/ from 127.0.0.1 took 0.28s
[2025-08-05 17:14:19,352] INFO flights.views - ğŸ” Filtreleme/sayfalama var, doÄŸrudan DB'den Ã§ekiliyor
[2025-08-05 17:14:19,357] INFO drf_case.middleware - ğŸ“¡ GET /api/flights/ from 127.0.0.1 took 0.01s
[2025-08-05 17:14:20,449] INFO drf_case.middleware - ğŸ“¡ POST /api/token/ from 127.0.0.1 took 0.28s
[2025-08-05 17:14:20,452] INFO flights.views - ğŸ” Filtreleme/sayfalama var, doÄŸrudan DB'den Ã§ekiliyor
[2025-08-05 17:14:20,457] INFO drf_case.middleware - ğŸ“¡ GET /api/flights/ from 127.0.0.1 took 0.01s
[2025-08-05 17:14:21,559] INFO drf_case.middleware - ğŸ“¡ POST /api/token/ from 127.0.0.1 took 0.28s
[2025-08-05 17:14:21,562] INFO flights.views - ğŸ” Filtreleme/sayfalama var, doÄŸrudan DB'den Ã§ekiliyor
[2025-08-05 17:14:21,567] INFO drf_case.middleware - ğŸ“¡ GET /api/flights/ from 127.0.0.1 took 0.01s
[2025-08-05 17:14:21,807] INFO drf_case.middleware - ğŸ“¡ GET /health/ from 127.0.0.1 took 0.30s
[2025-08-05 17:14:22,656] INFO drf_case.middleware - ğŸ“¡ POST /api/token/ from 127.0.0.1 took 0.27s
[2025-08-05 17:14:22,659] INFO flights.views - ğŸ” Filtreleme/sayfalama var, doÄŸrudan DB'den Ã§ekiliyor
[2025-08-05 17:14:22,663] INFO drf_case.middleware - ğŸ“¡ GET /api/flights/ from 127.0.0.1 took 0.01s
[2025-08-05 17:14:23,751] INFO drf_case.middleware - ğŸ“¡ POST /api/token/ from 127.0.0.1 took 0.27s
[2025-08-05 17:14:23,756] INFO flights.views - ğŸ“¦ DB'den alÄ±ndÄ± ve cache'e yazÄ±ldÄ±.
[2025-08-05 17:14:23,757] INFO drf_case.middleware - ğŸ“¡ GET /api/flights/ from 127.0.0.1 took 0.00s
[2025-08-05 17:14:24,566] INFO drf_case.middleware - ğŸ“¡ GET /api/flights/ from 127.0.0.1 took 0.00s
[2025-08-05 17:14:24,567] WARNING django.request - Unauthorized: /api/flights/
[2025-08-05 17:14:25,684] INFO drf_case.middleware - ğŸ“¡ POST /api/token/ from 127.0.0.1 took 0.27s
[2025-08-05 17:14:25,687] INFO flights.views - ğŸ” Filtreleme/sayfalama var, doÄŸrudan DB'den Ã§ekiliyor
[2025-08-05 17:14:25,692] INFO drf_case.middleware - ğŸ“¡ GET /api/flights/ from 127.0.0.1 took 0.01s
[2025-08-05 17:14:26,797] INFO drf_case.middleware - ğŸ“¡ POST /api/token/ from 127.0.0.1 took 0.28s
[2025-08-05 17:14:26,800] INFO flights.views - ğŸ” Filtreleme/sayfalama var, doÄŸrudan DB'den Ã§ekiliyor
[2025-08-05 17:14:26,805] INFO drf_case.middleware - ğŸ“¡ GET /api/flights/ from 127.0.0.1 took 0.01s
[2025-08-05 17:14:27,885] INFO drf_case.middleware - ğŸ“¡ POST /api/token/ from 127.0.0.1 took 0.27s
[2025-08-05 17:14:27,928] INFO flights.views - UÃ§uÅŸ gÃ¼ncellendi: TK1234 - Ankara â†’ Berlin
[2025-08-05 17:14:27,929] INFO drf_case.middleware - ğŸ“¡ PUT /api/flights/44/ from 127.0.0.1 took 0.04s
[2025-08-05 17:14:29,018] INFO drf_case.middleware - ğŸ“¡ POST /api/token/ from 127.0.0.1 took 0.27s
[2025-08-05 17:14:29,025] INFO drf_case.middleware - ğŸ“¡ GET /api/flights/47/ from 127.0.0.1 took 0.00s
[2025-08-05 17:14:52,598] INFO drf_case.middleware - ğŸ“¡ GET /health/ from 127.0.0.1 took 0.28s
[2025-08-05 17:15:23,111] INFO drf_case.middleware - ğŸ“¡ GET /health/ from 127.0.0.1 took 0.00s
[2025-08-05 17:15:53,879] INFO drf_case.middleware - ğŸ“¡ GET /health/ from 127.0.0.1 took 0.27s
[2025-08-05 17:16:24,379] INFO drf_case.middleware - ğŸ“¡ GET /health/ from 127.0.0.1 took 0.00s
[2025-08-05 17:16:24,811] INFO drf_case.middleware - ğŸ“¡ POST /api/token/ from 172.18.0.8 took 0.29s
[2025-08-05 17:16:24,870] INFO flights.views - ğŸ“¦ DB'den alÄ±ndÄ± ve cache'e yazÄ±ldÄ±.
[2025-08-05 17:16:24,871] INFO drf_case.middleware - ğŸ“¡ GET /api/flights/ from 172.18.0.8 took 0.05s
[2025-08-05 17:16:24,876] INFO flights.views - âœ… Cache'ten alÄ±ndÄ±.
[2025-08-05 17:16:24,877] INFO drf_case.middleware - ğŸ“¡ GET /api/flights/ from 172.18.0.8 took 0.00s
[2025-08-05 17:16:55,128] INFO drf_case.middleware - ğŸ“¡ GET /health/ from 127.0.0.1 took 0.27s
[2025-08-05 17:17:25,614] INFO drf_case.middleware - ğŸ“¡ GET /health/ from 127.0.0.1 took 0.00s
[2025-08-05 17:17:56,096] INFO drf_case.middleware - ğŸ“¡ GET /health/ from 127.0.0.1 took 0.00s
[2025-08-05 17:18:26,575] INFO drf_case.middleware - ğŸ“¡ GET /health/ from 127.0.0.1 took 0.00s
[2025-08-05 17:18:57,058] INFO drf_case.middleware - ğŸ“¡ GET /health/ from 127.0.0.1 took 0.00s
[2025-08-05 17:19:27,804] INFO drf_case.middleware - ğŸ“¡ GET /health/ from 127.0.0.1 took 0.26s
[2025-08-05 17:19:58,544] INFO drf_case.middleware - ğŸ“¡ GET /health/ from 127.0.0.1 took 0.26s
[2025-08-05 17:20:29,041] INFO drf_case.middleware - ğŸ“¡ GET /health/ from 127.0.0.1 took 0.00s
[2025-08-05 17:20:49,064] INFO drf_case.middleware - ğŸ“¡ GET / from 172.18.0.8 took 0.27s
[2025-08-05 17:20:59,517] INFO drf_case.middleware - ğŸ“¡ GET /health/ from 127.0.0.1 took 0.00s
[2025-08-05 17:21:30,001] INFO drf_case.middleware - ğŸ“¡ GET /health/ from 127.0.0.1 took 0.00s
[2025-08-05 17:22:00,756] INFO drf_case.middleware - ğŸ“¡ GET /health/ from 127.0.0.1 took 0.26s
[2025-08-05 17:22:31,260] INFO drf_case.middleware - ğŸ“¡ GET /health/ from 127.0.0.1 took 0.00s
[2025-08-05 17:23:01,748] INFO drf_case.middleware - ğŸ“¡ GET /health/ from 127.0.0.1 took 0.00s
[2025-08-05 17:23:32,491] INFO drf_case.middleware - ğŸ“¡ GET /health/ from 127.0.0.1 took 0.26s
[2025-08-05 17:24:03,271] INFO drf_case.middleware - ğŸ“¡ GET /health/ from 127.0.0.1 took 0.29s
[2025-08-05 17:24:34,012] INFO drf_case.middleware - ğŸ“¡ GET /health/ from 127.0.0.1 took 0.25s
[2025-08-05 17:25:04,541] INFO drf_case.middleware - ğŸ“¡ GET /health/ from 127.0.0.1 took 0.00s
[2025-08-05 17:25:35,042] INFO drf_case.middleware - ğŸ“¡ GET /health/ from 127.0.0.1 took 0.00s
[2025-08-05 17:26:05,843] INFO drf_case.middleware - ğŸ“¡ GET /health/ from 127.0.0.1 took 0.30s
[2025-08-05 17:26:36,591] INFO drf_case.middleware - ğŸ“¡ GET /health/ from 127.0.0.1 took 0.26s
[2025-08-05 17:27:07,376] INFO drf_case.middleware - ğŸ“¡ GET /health/ from 127.0.0.1 took 0.28s
